<?xml version="1.0" encoding="UTF-8"?>
<testsuite xmlns:xsi="http://www.w3.org/2001/XMLSchema-instance" xsi:noNamespaceSchemaLocation="https://maven.apache.org/surefire/maven-surefire-plugin/xsd/surefire-test-report.xsd" name="de.sane.personservice.controller.PersonControllerTest" time="7.397" tests="1" errors="1" skipped="0" failures="0">
  <properties>
[...]
</properties>
  <testcase name="whenCallGetAll_noPersonShouldBeReturned" classname="de.sane.personservice.controller.PersonControllerTest" time="0.531">
    <error message="could not extract ResultSet; SQL [n/a]; nested exception is org.hibernate.exception.SQLGrammarException: could not extract ResultSet" type="org.springframework.dao.InvalidDataAccessResourceUsageException">org.springframework.dao.InvalidDataAccessResourceUsageException: could not extract ResultSet; SQL [n/a]; nested exception is org.hibernate.exception.SQLGrammarException: could not extract ResultSet
	at de.sane.personservice.controller.PersonControllerTest.whenCallGetAll_noPersonShouldBeReturned(PersonControllerTest.java:22)
Caused by: org.hibernate.exception.SQLGrammarException: could not extract ResultSet
	at de.sane.personservice.controller.PersonControllerTest.whenCallGetAll_noPersonShouldBeReturned(PersonControllerTest.java:22)
Caused by: org.postgresql.util.PSQLException: 
ERROR: relation "person" does not exist
  Position: 72
	at de.sane.personservice.controller.PersonControllerTest.whenCallGetAll_noPersonShouldBeReturned(PersonControllerTest.java:22)
</error>
    <system-out><![CDATA[20:38:31.246 [main] DEBUG org.springframework.test.context.BootstrapUtils - Instantiating CacheAwareContextLoaderDelegate from class [org.springframework.test.context.cache.DefaultCacheAwareContextLoaderDelegate]
20:38:31.275 [main] DEBUG org.springframework.test.context.BootstrapUtils - Instantiating BootstrapContext using constructor [public org.springframework.test.context.support.DefaultBootstrapContext(java.lang.Class,org.springframework.test.context.CacheAwareContextLoaderDelegate)]
20:38:31.326 [main] DEBUG org.springframework.test.context.BootstrapUtils - Instantiating TestContextBootstrapper for test class [de.sane.personservice.controller.PersonControllerTest] from class [org.springframework.boot.test.context.SpringBootTestContextBootstrapper]
20:38:31.344 [main] INFO org.springframework.boot.test.context.SpringBootTestContextBootstrapper - Neither @ContextConfiguration nor @ContextHierarchy found for test class [de.sane.personservice.controller.PersonControllerTest], using SpringBootContextLoader
20:38:31.349 [main] DEBUG org.springframework.test.context.support.AbstractContextLoader - Did not detect default resource location for test class [de.sane.personservice.controller.PersonControllerTest]: class path resource [de/sane/personservice/controller/PersonControllerTest-context.xml] does not exist
20:38:31.350 [main] DEBUG org.springframework.test.context.support.AbstractContextLoader - Did not detect default resource location for test class [de.sane.personservice.controller.PersonControllerTest]: class path resource [de/sane/personservice/controller/PersonControllerTestContext.groovy] does not exist
20:38:31.350 [main] INFO org.springframework.test.context.support.AbstractContextLoader - Could not detect default resource locations for test class [de.sane.personservice.controller.PersonControllerTest]: no resource found for suffixes {-context.xml, Context.groovy}.
20:38:31.351 [main] INFO org.springframework.test.context.support.AnnotationConfigContextLoaderUtils - Could not detect default configuration classes for test class [de.sane.personservice.controller.PersonControllerTest]: PersonControllerTest does not declare any static, non-private, non-final, nested classes annotated with @Configuration.
20:38:31.509 [main] DEBUG org.springframework.context.annotation.ClassPathScanningCandidateComponentProvider - Identified candidate component class: file [C:\Users\Neffe\IdeaProjects\OphardtProject\PersonService\target\classes\de\sane\personservice\PersonServiceApplication.class]
20:38:31.510 [main] INFO org.springframework.boot.test.context.SpringBootTestContextBootstrapper - Found @SpringBootConfiguration de.sane.personservice.PersonServiceApplication for test class de.sane.personservice.controller.PersonControllerTest
20:38:31.661 [main] DEBUG org.springframework.boot.test.context.SpringBootTestContextBootstrapper - @TestExecutionListeners is not present for class [de.sane.personservice.controller.PersonControllerTest]: using defaults.
20:38:31.661 [main] INFO org.springframework.boot.test.context.SpringBootTestContextBootstrapper - Loaded default TestExecutionListener class names from location [META-INF/spring.factories]: [org.springframework.boot.test.mock.mockito.MockitoTestExecutionListener, org.springframework.boot.test.mock.mockito.ResetMocksTestExecutionListener, org.springframework.boot.test.autoconfigure.restdocs.RestDocsTestExecutionListener, org.springframework.boot.test.autoconfigure.web.client.MockRestServiceServerResetTestExecutionListener, org.springframework.boot.test.autoconfigure.web.servlet.MockMvcPrintOnlyOnFailureTestExecutionListener, org.springframework.boot.test.autoconfigure.web.servlet.WebDriverTestExecutionListener, org.springframework.boot.test.autoconfigure.webservices.client.MockWebServiceServerTestExecutionListener, org.springframework.test.context.web.ServletTestExecutionListener, org.springframework.test.context.support.DirtiesContextBeforeModesTestExecutionListener, org.springframework.test.context.support.DependencyInjectionTestExecutionListener, org.springframework.test.context.support.DirtiesContextTestExecutionListener, org.springframework.test.context.transaction.TransactionalTestExecutionListener, org.springframework.test.context.jdbc.SqlScriptsTestExecutionListener, org.springframework.test.context.event.EventPublishingTestExecutionListener]
20:38:31.685 [main] INFO org.springframework.boot.test.context.SpringBootTestContextBootstrapper - Using TestExecutionListeners: [org.springframework.test.context.web.ServletTestExecutionListener@6e6d5d29, org.springframework.test.context.support.DirtiesContextBeforeModesTestExecutionListener@5c530d1e, org.springframework.boot.test.mock.mockito.MockitoTestExecutionListener@6c25e6c4, org.springframework.boot.test.autoconfigure.SpringBootDependencyInjectionTestExecutionListener@85e6769, org.springframework.test.context.support.DirtiesContextTestExecutionListener@c5ee75e, org.springframework.test.context.transaction.TransactionalTestExecutionListener@48a12036, org.springframework.test.context.jdbc.SqlScriptsTestExecutionListener@bf1ec20, org.springframework.test.context.event.EventPublishingTestExecutionListener@70efb718, org.springframework.boot.test.mock.mockito.ResetMocksTestExecutionListener@b70da4c, org.springframework.boot.test.autoconfigure.restdocs.RestDocsTestExecutionListener@4a11eb84, org.springframework.boot.test.autoconfigure.web.client.MockRestServiceServerResetTestExecutionListener@4e858e0a, org.springframework.boot.test.autoconfigure.web.servlet.MockMvcPrintOnlyOnFailureTestExecutionListener@435fb7b5, org.springframework.boot.test.autoconfigure.web.servlet.WebDriverTestExecutionListener@4e70a728, org.springframework.boot.test.autoconfigure.webservices.client.MockWebServiceServerTestExecutionListener@b7838a9]
20:38:31.693 [main] DEBUG org.springframework.test.context.support.AbstractDirtiesContextTestExecutionListener - Before test class: context [DefaultTestContext@6475472c testClass = PersonControllerTest, testInstance = [null], testMethod = [null], testException = [null], mergedContextConfiguration = [WebMergedContextConfiguration@3f07b12c testClass = PersonControllerTest, locations = '{}', classes = '{class de.sane.personservice.PersonServiceApplication}', contextInitializerClasses = '[]', activeProfiles = '{test}', propertySourceLocations = '{}', propertySourceProperties = '{org.springframework.boot.test.context.SpringBootTestContextBootstrapper=true}', contextCustomizers = set[org.springframework.boot.test.context.filter.ExcludeFilterContextCustomizer@57a3e26a, org.springframework.boot.test.json.DuplicateJsonObjectContextCustomizerFactory$DuplicateJsonObjectContextCustomizer@2dc9b0f5, org.springframework.boot.test.mock.mockito.MockitoContextCustomizer@0, org.springframework.boot.test.web.client.TestRestTemplateContextCustomizer@6f3187b0, org.springframework.boot.test.web.reactive.server.WebTestClientContextCustomizer@44be0077, org.springframework.boot.test.autoconfigure.actuate.metrics.MetricsExportContextCustomizerFactory$DisableMetricExportContextCustomizer@72ade7e3, org.springframework.boot.test.autoconfigure.properties.PropertyMappingContextCustomizer@0, org.springframework.boot.test.autoconfigure.web.servlet.WebDriverContextCustomizerFactory$Customizer@895e367, org.springframework.boot.test.context.SpringBootTestArgs@1, org.springframework.boot.test.context.SpringBootTestWebEnvironment@7722c3c3], resourceBasePath = 'src/main/webapp', contextLoader = 'org.springframework.boot.test.context.SpringBootContextLoader', parent = [null]], attributes = map['org.springframework.test.context.web.ServletTestExecutionListener.activateListener' -> true]], class annotated with @DirtiesContext [false] with mode [null].
20:38:31.737 [main] DEBUG org.springframework.core.env.StandardEnvironment - Activating profiles [test]
20:38:31.744 [main] DEBUG org.springframework.test.context.support.TestPropertySourceUtils - Adding inlined properties to environment: {spring.jmx.enabled=false, org.springframework.boot.test.context.SpringBootTestContextBootstrapper=true}

  .   ____          _            __ _ _
 /\\ / ___'_ __ _ _(_)_ __  __ _ \ \ \ \
( ( )\___ | '_ | '_| | '_ \/ _` | \ \ \ \
 \\/  ___)| |_)| | | | | || (_| |  ) ) ) )
  '  |____| .__|_| |_|_| |_\__, | / / / /
 =========|_|==============|___/=/_/_/_/
 :: Spring Boot ::                (v2.4.0)

2020-11-18 20:38:32.165  INFO 7140 --- [           main] d.s.p.controller.PersonControllerTest    : Starting PersonControllerTest using Java 11.0.9.1 on DESKTOP-KJESIRP with PID 7140 (started by Neffe in C:\Users\Neffe\IdeaProjects\OphardtProject\PersonService)
2020-11-18 20:38:32.167  INFO 7140 --- [           main] d.s.p.controller.PersonControllerTest    : The following profiles are active: test
2020-11-18 20:38:33.391  INFO 7140 --- [           main] .s.d.r.c.RepositoryConfigurationDelegate : Bootstrapping Spring Data JPA repositories in DEFERRED mode.
2020-11-18 20:38:33.488  INFO 7140 --- [           main] .s.d.r.c.RepositoryConfigurationDelegate : Finished Spring Data repository scanning in 82 ms. Found 1 JPA repository interfaces.
2020-11-18 20:38:34.244  INFO 7140 --- [           main] o.f.c.internal.license.VersionPrinter    : Flyway Community Edition 7.1.1 by Redgate
2020-11-18 20:38:34.265  INFO 7140 --- [           main] com.zaxxer.hikari.HikariDataSource       : HikariPool-1 - Starting...
2020-11-18 20:38:34.490  INFO 7140 --- [           main] com.zaxxer.hikari.HikariDataSource       : HikariPool-1 - Start completed.
2020-11-18 20:38:34.553  INFO 7140 --- [           main] o.f.c.i.database.base.DatabaseType       : Database: jdbc:postgresql://localhost:5432/postgres (PostgreSQL 13.1)
2020-11-18 20:38:34.653  INFO 7140 --- [           main] o.f.core.internal.command.DbValidate     : Successfully validated 1 migration (execution time 00:00.055s)
2020-11-18 20:38:34.702  INFO 7140 --- [           main] o.f.core.internal.command.DbMigrate      : Current version of schema "public": 001
2020-11-18 20:38:34.707  INFO 7140 --- [           main] o.f.core.internal.command.DbMigrate      : Schema "public" is up to date. No migration necessary.
2020-11-18 20:38:34.982  INFO 7140 --- [           main] o.s.s.concurrent.ThreadPoolTaskExecutor  : Initializing ExecutorService 'applicationTaskExecutor'
2020-11-18 20:38:35.068  INFO 7140 --- [         task-1] o.hibernate.jpa.internal.util.LogHelper  : HHH000204: Processing PersistenceUnitInfo [name: default]
2020-11-18 20:38:35.161  INFO 7140 --- [         task-1] org.hibernate.Version                    : HHH000412: Hibernate ORM core version 5.4.23.Final
2020-11-18 20:38:35.485  INFO 7140 --- [         task-1] o.hibernate.annotations.common.Version   : HCANN000001: Hibernate Commons Annotations {5.1.2.Final}
2020-11-18 20:38:35.534  WARN 7140 --- [           main] JpaBaseConfiguration$JpaWebConfiguration : spring.jpa.open-in-view is enabled by default. Therefore, database queries may be performed during view rendering. Explicitly configure spring.jpa.open-in-view to disable this warning
2020-11-18 20:38:36.513  INFO 7140 --- [         task-1] org.hibernate.dialect.Dialect            : HHH000400: Using dialect: org.hibernate.dialect.PostgreSQL95Dialect
2020-11-18 20:38:37.013  INFO 7140 --- [           main] DeferredRepositoryInitializationListener : Triggering deferred initialization of Spring Data repositories…
2020-11-18 20:38:37.680  INFO 7140 --- [         task-1] o.h.e.t.j.p.i.JtaPlatformInitiator       : HHH000490: Using JtaPlatform implementation: [org.hibernate.engine.transaction.jta.platform.internal.NoJtaPlatform]
2020-11-18 20:38:37.693  INFO 7140 --- [         task-1] j.LocalContainerEntityManagerFactoryBean : Initialized JPA EntityManagerFactory for persistence unit 'default'
2020-11-18 20:38:37.950  INFO 7140 --- [           main] DeferredRepositoryInitializationListener : Spring Data repositories initialized!
2020-11-18 20:38:37.961  INFO 7140 --- [           main] d.s.p.controller.PersonControllerTest    : Started PersonControllerTest in 6.207 seconds (JVM running for 7.604)
Hibernate: select person0_.id as id1_0_, person0_.first_name as first_na2_0_ from person person0_
2020-11-18 20:38:38.515  WARN 7140 --- [           main] o.h.engine.jdbc.spi.SqlExceptionHelper   : SQL Error: 0, SQLState: 42P01
2020-11-18 20:38:38.516 ERROR 7140 --- [           main] o.h.engine.jdbc.spi.SqlExceptionHelper   : ERROR: relation "person" does not exist
  Position: 72
]]></system-out>
  </testcase>
</testsuite>